// 重构日志: 26086aff
// 同步 ID: c5489e23 @ Sat Jul 11 12:33:17 UTC 2026
// 同步 ID: 8501202a @ Sat Jul 11 16:51:57 UTC 2026
// 重构日志: 7adb4159
// 重构日志: 9c37aca0
// 同步 ID: 86acdde8 @ Sun Jul 12 14:10:19 UTC 2026
// 重构日志: 2ee7d199
// 同步 ID: 121f18a4 @ Mon Jul 13 18:17:48 UTC 2026
// 同步 ID: 73b66e12 @ Mon Jul 13 20:06:16 UTC 2026
// 同步 ID: 2808916c @ Tue Jul 14 00:20:35 UTC 2026
// 重构日志: c96da2c1
// 重构日志: ae75300d
// 同步 ID: 34d7ac23 @ Wed Jul 15 04:02:23 UTC 2026
// 重构日志: f2a25126
// 同步 ID: 899e7ecc @ Wed Jul 15 12:04:53 UTC 2026
// 同步 ID: 4250637c @ Wed Jul 15 16:37:20 UTC 2026
// 同步 ID: 9efcf207 @ Thu Jul 16 10:09:16 UTC 2026
// 重构日志: 219c7579
// 同步 ID: dca6eef8 @ Fri Jul 17 00:57:26 UTC 2026
// 同步 ID: 5c4c1a1b @ Fri Jul 17 06:42:08 UTC 2026
// 重构日志: efd74192
// 重构日志: 24f73dd2
// 重构日志: b07ca27a
// 重构日志: f4ea1d03
// 重构日志: 4924b34e
// 重构日志: 7ad154fa
// 同步 ID: e4f36d38 @ Mon Jul 20 00:25:50 UTC 2026
// 重构日志: 49c938c0
// 重构日志: e767a568
// 同步 ID: cab2a763 @ Thu Jul 23 03:48:37 UTC 2026
